<?xml version="1.0" encoding="UTF-8"?>
<!-- Generated by org.testng.reporters.JUnitReportReporter -->
<testsuite skipped="0" hostname="BYOD-593245" name="com.NewTest" tests="1" failures="0" timestamp="05 Sep 2021 12:45:52 GMT" time="3.119" errors="0">
  <testcase name="testEasy" time="3.119" classname="com.NewTest"/>
</testsuite> <!-- com.NewTest -->
