<?xml version="1.0" encoding="UTF-8"?>
<!-- Generated by org.testng.reporters.JUnitReportReporter -->
<testsuite skipped="0" hostname="BYOD-593245" name="testNg.TestAnnotations" tests="2" failures="0" timestamp="2021-09-05T15:41:45 IST" time="0.016" errors="0">
  <testcase name="Test2" time="0.003" classname="testNg.TestAnnotations"/>
  <system-out/>
  <testcase name="Test1" time="0.013" classname="testNg.TestAnnotations"/>
  <system-out/>
</testsuite> <!-- testNg.TestAnnotations -->
