<?xml version="1.0" encoding="UTF-8"?>
<!-- Generated by org.testng.reporters.JUnitReportReporter -->
<testsuite skipped="0" hostname="BYOD-593245" name="testNg.Assertions" tests="3" failures="0" timestamp="2021-09-05T15:56:42 IST" time="15.269" errors="0">
  <testcase name="Facebook" time="4.751" classname="testNg.Assertions"/>
  <system-out/>
  <testcase name="Launch" time="7.032" classname="testNg.Assertions"/>
  <system-out/>
  <testcase name="Login" time="3.486" classname="testNg.Assertions"/>
  <system-out/>
</testsuite> <!-- testNg.Assertions -->
