<?xml version="1.0" encoding="UTF-8"?>
<!-- Generated by org.testng.reporters.JUnitReportReporter -->
<testsuite skipped="0" hostname="BYOD-593245" name="testNg.ParallelTests" tests="4" failures="0" timestamp="2021-09-05T16:31:42 IST" time="18.087" errors="0">
  <testcase name="Facebook2" time="0.444" classname="testNg.ParallelTests"/>
  <system-out/>
  <testcase name="LaunchChrome" time="8.214" classname="testNg.ParallelTests"/>
  <system-out/>
  <testcase name="LaunchEdge" time="8.806" classname="testNg.ParallelTests"/>
  <system-out/>
  <testcase name="Facebook" time="0.623" classname="testNg.ParallelTests"/>
  <system-out/>
</testsuite> <!-- testNg.ParallelTests -->
